<?xml version="1.0" encoding="UTF-8"?>
<!-- Generated by org.testng.reporters.JUnitReportReporter -->
<testsuite hostname="ASHISH" name="com.tests.login" tests="2" failures="0" timestamp="9 Aug 2019 13:33:44 GMT" time="0.010" errors="0">
  <testcase name="sub" time="0.005" classname="com.tests.login"/>
  <testcase name="mul" time="0.005" classname="com.tests.login"/>
</testsuite> <!-- com.tests.login -->
